<?xml version="1.0" encoding="UTF-8"?>
<!-- Generated by org.testng.reporters.JUnitReportReporter -->
<testsuite hostname="DESKTOP-8104O1D" failures="0" tests="1" name="com.selenium.test.DespegarTest" time="88.712" errors="0" timestamp="2022-06-16T19:07:02 ART" skipped="0">
  <testcase classname="com.selenium.test.DespegarTest" name="PruebaDespegar" time="88.712"/>
  <system-out/>
</testsuite> <!-- com.selenium.test.DespegarTest -->
