<?xml version="1.0" encoding="UTF-8"?>
<!-- Generated by org.testng.reporters.JUnitReportReporter -->
<testsuite hostname="DESKTOP-8104O1D" failures="0" tests="1" name="com.selenium.test.PrincipalTest" time="14.835" errors="0" timestamp="2022-06-14T12:29:12 ART" skipped="0">
  <testcase classname="com.selenium.test.PrincipalTest" name="validarBusquedaWikipedia" time="14.835"/>
  <system-out/>
</testsuite> <!-- com.selenium.test.PrincipalTest -->
