<?xml version="1.0" encoding="UTF-8"?>
<!-- Generated by org.testng.reporters.JUnitReportReporter -->
<testsuite hostname="DESKTOP-8104O1D" failures="0" tests="1" name="com.selenium.test.DespegarTest" time="24.912" errors="0" timestamp="2022-06-15T22:32:49 ART" skipped="0">
  <testcase classname="com.selenium.test.DespegarTest" name="PruebaDespegar" time="24.912"/>
  <system-out/>
</testsuite> <!-- com.selenium.test.DespegarTest -->
